D:\REPOSITORY\CPP-PROJECTS\COMPORTPROJECT\COMPORTPROJECT\DEBUG\COMPORTPROJECT.PCH
D:\REPOSITORY\CPP-PROJECTS\COMPORTPROJECT\COMPORTPROJECT\DEBUG\STDAFX.OBJ
D:\REPOSITORY\CPP-PROJECTS\COMPORTPROJECT\COMPORTPROJECT\DEBUG\VC110.PDB
D:\REPOSITORY\CPP-PROJECTS\COMPORTPROJECT\COMPORTPROJECT\DEBUG\COMPORTPROJECT.OBJ
D:\repository\cpp-projects\ComPortProject\Debug\ComPortProject.lib
D:\repository\cpp-projects\ComPortProject\Debug\ComPortProject.exp
D:\REPOSITORY\CPP-PROJECTS\COMPORTPROJECT\DEBUG\COMPORTPROJECT.ILK
D:\REPOSITORY\CPP-PROJECTS\COMPORTPROJECT\DEBUG\COMPORTPROJECT.EXE
D:\REPOSITORY\CPP-PROJECTS\COMPORTPROJECT\DEBUG\COMPORTPROJECT.PDB
D:\repository\cpp-projects\ComPortProject\ComPortProject\Debug\ComPortProject.obj
D:\repository\cpp-projects\ComPortProject\ComPortProject\Debug\stdafx.obj
D:\repository\cpp-projects\ComPortProject\ComPortProject\Debug\cl.command.1.tlog
D:\repository\cpp-projects\ComPortProject\ComPortProject\Debug\CL.read.1.tlog
D:\repository\cpp-projects\ComPortProject\ComPortProject\Debug\CL.write.1.tlog
D:\repository\cpp-projects\ComPortProject\ComPortProject\Debug\ComPortProject.write.1.tlog
D:\repository\cpp-projects\ComPortProject\ComPortProject\Debug\link-cvtres.read.1.tlog
D:\repository\cpp-projects\ComPortProject\ComPortProject\Debug\link-cvtres.write.1.tlog
D:\repository\cpp-projects\ComPortProject\ComPortProject\Debug\link-rc.read.1.tlog
D:\repository\cpp-projects\ComPortProject\ComPortProject\Debug\link-rc.write.1.tlog
D:\repository\cpp-projects\ComPortProject\ComPortProject\Debug\link.command.1.tlog
D:\repository\cpp-projects\ComPortProject\ComPortProject\Debug\link.read.1.tlog
D:\repository\cpp-projects\ComPortProject\ComPortProject\Debug\link.write.1.tlog
D:\repository\cpp-projects\ComPortProject\ComPortProject\Debug\ComPortProject.pch
D:\repository\cpp-projects\ComPortProject\ComPortProject\Debug\vc110.idb
D:\repository\cpp-projects\ComPortProject\ComPortProject\Debug\vc110.pdb
D:\repository\cpp-projects\ComPortProject\Debug\ComPortProject.pdb
D:\repository\cpp-projects\ComPortProject\Debug\ComPortProject.exe
D:\repository\cpp-projects\ComPortProject\Debug\ComPortProject.ilk
